switch 7
check 0
switch 2
check 0
check 1
goal / SC / d=0
check 0
check 0
switch 6
check 0
switch 5
check 0
switch 4
check 0
switch 3
check 0
switch 2
check 0
switch 1
check 0
switch 0
check 0
check 1
unlock vice_handle / SC / d=6
check 0
check 0
check 0
switch 0
check 0
check 0
check 1
putdown food_peeler / SC / d=7
check 0
check 0
check 0
check 0
switch 2
check 0
switch 1
check 0
switch 0
check 0
check 1
rotate1 food_item vice_handle moving_jaw stationary_jaw / SC / d=5
check 0
check 0
check 0
check 0
check 0
check 0
check 0
check 0
check 0
check 0
check 0
check 0
check 0
switch 5
check 0
switch 4
check 0
switch 3
check 0
switch 2
check 0
switch 1
check 0
switch 0
check 0
check 1
pickup food_peeler / SC / d=2
check 0
check 0
check 0
switch 0
check 1
peeling food_item food_peeler moving_jaw stationary_jaw vice_handle / NSC / d=1
check 0
check 1
peeling food_item food_peeler moving_jaw stationary_jaw vice_handle / SC / d=1
check 0
check 0
check 0
check 0
switch 2
check 0
switch 1
check 0
switch 0
check 0
check 1
lock vice_handle / SC / d=3
check 0
check 0
check 0
check 0
check 0
check 0
check 0
check 0
check 0
check 0
switch 4
check 0
check 0
switch 3
check 0
switch 2
check 0
switch 1
check 0
switch 0
check 0
check 1
unlock vice_handle / SC / d=9
check 0
check 0
check 0
check 0
check 0
check 0
check 0
switch 2
check 0
switch 1
check 0
switch 0
check 0
check 1
slideout1 vice_handle food_item moving_jaw stationary_jaw / SC / d=8
check 0
check 0
check 0
check 0
check 0
check 0
check 0
check 0
check 0
switch 4
check 0
switch 3
check 0
check 0
switch 2
check 0
switch 1
check 0
switch 0
check 0
check 1
slidein vice_handle food_item moving_jaw stationary_jaw / SC / d=4
check 0
check 0
check 0
check 0
check 0
switch 1
check 0
check 0
switch 0
check 0
check 1
putdown food_item / SC / d=5
check 0
check 0
check 0
check 0
check 0
check 0
switch 3
check 0
check 0
switch 2
check 0
switch 1
check 0
switch 0
check 0
check 1
pickup food_item / SC / d=7
check 0
check 0
check 0
check 0
check 0
switch 1
check 0
check 0
switch 0
check 0
check 1
movetoward2 food_item moving_jaw stationary_jaw / SC / d=6
check 0
check 0
check 0
check 0
check 0
check 0
check 0
check 0
check 0
check 0